[1.951s] [34mcolcon[0m [1;30mDEBUG[0m [32mCommand line arguments: ['/usr/bin/colcon', 'build', '--cmake-args', '-DCMAKE_BUILD_TYPE=Release'][0m
[1.951s] [34mcolcon[0m [1;30mDEBUG[0m [32mParsed command line arguments: Namespace(log_base=None, log_level=None, verb_name='build', build_base='build', install_base='install', merge_install=False, symlink_install=False, test_result_base=None, continue_on_error=False, executor='parallel', parallel_workers=16, event_handlers=None, ignore_user_meta=False, metas=['./colcon.meta'], base_paths=['.'], packages_ignore=None, packages_ignore_regex=None, paths=None, packages_up_to=None, packages_up_to_regex=None, packages_above=None, packages_above_and_dependencies=None, packages_above_depth=None, packages_select_by_dep=None, packages_skip_by_dep=None, packages_skip_up_to=None, packages_select_build_failed=False, packages_skip_build_finished=False, packages_select_test_failures=False, packages_skip_test_passed=False, packages_select=None, packages_skip=None, packages_select_regex=None, packages_skip_regex=None, packages_start=None, packages_end=None, allow_overriding=[], cmake_args=['-DCMAKE_BUILD_TYPE=Release'], cmake_target=None, cmake_target_skip_unavailable=False, cmake_clean_cache=False, cmake_clean_first=False, cmake_force_configure=False, ament_cmake_args=None, catkin_cmake_args=None, catkin_skip_building_tests=False, mixin_files=None, mixin=None, verb_parser=<colcon_mixin.mixin.mixin_argument.MixinArgumentDecorator object at 0x7d5ec67cd930>, verb_extension=<colcon_core.verb.build.BuildVerb object at 0x7d5ec67cdae0>, main=<bound method BuildVerb.main of <colcon_core.verb.build.BuildVerb object at 0x7d5ec67cdae0>>, mixin_verb=('build',))[0m
[2.039s] [34mcolcon.colcon_core.package_discovery[0m [1;30mLevel 1[0m discover_packages(colcon_meta) check parameters
[2.039s] [34mcolcon.colcon_core.package_discovery[0m [1;30mLevel 1[0m discover_packages(recursive) check parameters
[2.040s] [34mcolcon.colcon_core.package_discovery[0m [1;30mLevel 1[0m discover_packages(ignore) check parameters
[2.040s] [34mcolcon.colcon_core.package_discovery[0m [1;30mLevel 1[0m discover_packages(path) check parameters
[2.040s] [34mcolcon.colcon_core.package_discovery[0m [1;30mLevel 1[0m discover_packages(colcon_meta) discover
[2.040s] [34mcolcon.colcon_core.package_discovery[0m [1;30mLevel 1[0m discover_packages(recursive) discover
[2.040s] [34mcolcon.colcon_core.package_discovery[0m [1;30mINFO[0m Crawling recursively for packages in '/home/michal/code/msas_elrob_2024/mandeye_unicorn'
[2.040s] [34mcolcon.colcon_core.package_identification[0m [1;30mLevel 1[0m _identify(.) by extensions ['ignore', 'ignore_ament_install']
[2.040s] [34mcolcon.colcon_core.package_identification[0m [1;30mLevel 1[0m _identify(.) by extension 'ignore'
[2.040s] [34mcolcon.colcon_core.package_identification[0m [1;30mLevel 1[0m _identify(.) by extension 'ignore_ament_install'
[2.040s] [34mcolcon.colcon_core.package_identification[0m [1;30mLevel 1[0m _identify(.) by extensions ['colcon_pkg']
[2.040s] [34mcolcon.colcon_core.package_identification[0m [1;30mLevel 1[0m _identify(.) by extension 'colcon_pkg'
[2.040s] [34mcolcon.colcon_core.package_identification[0m [1;30mLevel 1[0m _identify(.) by extensions ['colcon_meta']
[2.040s] [34mcolcon.colcon_core.package_identification[0m [1;30mLevel 1[0m _identify(.) by extension 'colcon_meta'
[2.040s] [34mcolcon.colcon_core.package_identification[0m [1;30mLevel 1[0m _identify(.) by extensions ['ros']
[2.040s] [34mcolcon.colcon_core.package_identification[0m [1;30mLevel 1[0m _identify(.) by extension 'ros'
[2.060s] [34mcolcon.colcon_core.package_identification[0m [1;30mDEBUG[0m [32mPackage '.' with type 'ros.ament_cmake' and name 'mandeye_unicorn'[0m
[2.060s] [34mcolcon.colcon_core.package_discovery[0m [1;30mLevel 1[0m discover_packages(recursive) using defaults
[2.060s] [34mcolcon.colcon_core.package_discovery[0m [1;30mLevel 1[0m discover_packages(ignore) discover
[2.060s] [34mcolcon.colcon_core.package_discovery[0m [1;30mLevel 1[0m discover_packages(ignore) using defaults
[2.060s] [34mcolcon.colcon_core.package_discovery[0m [1;30mLevel 1[0m discover_packages(path) discover
[2.060s] [34mcolcon.colcon_core.package_discovery[0m [1;30mLevel 1[0m discover_packages(path) using defaults
[2.183s] [34mcolcon.colcon_core.package_discovery[0m [1;30mLevel 1[0m discover_packages(prefix_path) check parameters
[2.183s] [34mcolcon.colcon_core.package_discovery[0m [1;30mLevel 1[0m discover_packages(prefix_path) discover
[2.229s] [34mcolcon.colcon_installed_package_information.package_discovery[0m [1;30mDEBUG[0m [32mFound 1 installed packages in /home/michal/code/msas_elrob_2024/mandeye_unicorn/install[0m
[2.251s] [34mcolcon.colcon_installed_package_information.package_discovery[0m [1;30mDEBUG[0m [32mFound 4 installed packages in /home/michal/SmartMicroWs/install[0m
[2.275s] [34mcolcon.colcon_installed_package_information.package_discovery[0m [1;30mDEBUG[0m [32mFound 1 installed packages in /home/michal/radar_ws/install[0m
[2.296s] [34mcolcon.colcon_installed_package_information.package_discovery[0m [1;30mDEBUG[0m [32mFound 17 installed packages in /home/michal/github/ROSCon2023Demo/ros2_ws/install[0m
[2.318s] [34mcolcon.colcon_installed_package_information.package_discovery[0m [1;30mDEBUG[0m [32mFound 5 installed packages in /home/michal/colcon_ws/install[0m
[2.340s] [34mcolcon.colcon_installed_package_information.package_discovery[0m [1;30mDEBUG[0m [32mFound 2 installed packages in /home/michal/github/ROSConDemo/kraken_nav/install[0m
[2.362s] [34mcolcon.colcon_installed_package_information.package_discovery[0m [1;30mDEBUG[0m [32mFound 8 installed packages in /home/michal/ws_moveit2/install[0m
[2.386s] [34mcolcon.colcon_installed_package_information.package_discovery[0m [1;30mDEBUG[0m [32mFound 504 installed packages in /opt/ros/humble[0m
[2.388s] [34mcolcon.colcon_core.package_discovery[0m [1;30mLevel 1[0m discover_packages(prefix_path) using defaults
[2.545s] [34mcolcon.colcon_core.verb[0m [1;30mLevel 5[0m set package 'mandeye_unicorn' build argument 'cmake_args' from command line to '['-DCMAKE_BUILD_TYPE=Release']'
[2.545s] [34mcolcon.colcon_core.verb[0m [1;30mLevel 5[0m set package 'mandeye_unicorn' build argument 'cmake_target' from command line to 'None'
[2.545s] [34mcolcon.colcon_core.verb[0m [1;30mLevel 5[0m set package 'mandeye_unicorn' build argument 'cmake_target_skip_unavailable' from command line to 'False'
[2.545s] [34mcolcon.colcon_core.verb[0m [1;30mLevel 5[0m set package 'mandeye_unicorn' build argument 'cmake_clean_cache' from command line to 'False'
[2.546s] [34mcolcon.colcon_core.verb[0m [1;30mLevel 5[0m set package 'mandeye_unicorn' build argument 'cmake_clean_first' from command line to 'False'
[2.546s] [34mcolcon.colcon_core.verb[0m [1;30mLevel 5[0m set package 'mandeye_unicorn' build argument 'cmake_force_configure' from command line to 'False'
[2.546s] [34mcolcon.colcon_core.verb[0m [1;30mLevel 5[0m set package 'mandeye_unicorn' build argument 'ament_cmake_args' from command line to 'None'
[2.546s] [34mcolcon.colcon_core.verb[0m [1;30mLevel 5[0m set package 'mandeye_unicorn' build argument 'catkin_cmake_args' from command line to 'None'
[2.546s] [34mcolcon.colcon_core.verb[0m [1;30mLevel 5[0m set package 'mandeye_unicorn' build argument 'catkin_skip_building_tests' from command line to 'False'
[2.546s] [34mcolcon.colcon_core.verb[0m [1;30mDEBUG[0m [32mBuilding package 'mandeye_unicorn' with the following arguments: {'ament_cmake_args': None, 'build_base': '/home/michal/code/msas_elrob_2024/mandeye_unicorn/build/mandeye_unicorn', 'catkin_cmake_args': None, 'catkin_skip_building_tests': False, 'cmake_args': ['-DCMAKE_BUILD_TYPE=Release'], 'cmake_clean_cache': False, 'cmake_clean_first': False, 'cmake_force_configure': False, 'cmake_target': None, 'cmake_target_skip_unavailable': False, 'install_base': '/home/michal/code/msas_elrob_2024/mandeye_unicorn/install/mandeye_unicorn', 'merge_install': False, 'path': '/home/michal/code/msas_elrob_2024/mandeye_unicorn', 'symlink_install': False, 'test_result_base': None}[0m
[2.569s] [34mcolcon.colcon_core.executor[0m [1;30mINFO[0m Executing jobs using 'parallel' executor
[2.593s] [34mcolcon.colcon_parallel_executor.executor.parallel[0m [1;30mDEBUG[0m [32mrun_until_complete[0m
[2.593s] [34mcolcon.colcon_ros.task.ament_cmake.build[0m [1;30mINFO[0m Building ROS package in '/home/michal/code/msas_elrob_2024/mandeye_unicorn' with build type 'ament_cmake'
[2.593s] [34mcolcon.colcon_cmake.task.cmake.build[0m [1;30mINFO[0m Building CMake package in '/home/michal/code/msas_elrob_2024/mandeye_unicorn'
[2.619s] [34mcolcon.colcon_core.plugin_system[0m [1;30mINFO[0m Skipping extension 'colcon_core.shell.bat': Not used on non-Windows systems
[2.619s] [34mcolcon.colcon_core.shell[0m [1;30mINFO[0m Skip shell extension 'powershell' for command environment: Not usable outside of PowerShell
[2.619s] [34mcolcon.colcon_core.shell[0m [1;30mDEBUG[0m [32mSkip shell extension 'dsv' for command environment[0m
[2.837s] [34mcolcon.colcon_core.event_handler.log_command[0m [1;30mDEBUG[0m [32mInvoking command in '/home/michal/code/msas_elrob_2024/mandeye_unicorn/build/mandeye_unicorn': CMAKE_PREFIX_PATH=${CMAKE_PREFIX_PATH}:/home/michal/SmartMicroWs/install/radar_bringup:/home/michal/github/ROSCon2023Demo/ros2_ws/install/otto_fleet_nav:/home/michal/github/ROSConDemo/kraken_nav/install/o3de_kraken_orchestration:/home/michal/github/ROSConDemo/kraken_nav/install/o3de_kraken_nav:/opt/ros/humble /usr/bin/cmake /home/michal/code/msas_elrob_2024/mandeye_unicorn -DCMAKE_BUILD_TYPE=Release -DCMAKE_INSTALL_PREFIX=/home/michal/code/msas_elrob_2024/mandeye_unicorn/install/mandeye_unicorn[0m
[5.508s] [34mcolcon.colcon_core.event_handler.log_command[0m [1;30mDEBUG[0m [32mInvoked command in '/home/michal/code/msas_elrob_2024/mandeye_unicorn/build/mandeye_unicorn' returned '0': CMAKE_PREFIX_PATH=${CMAKE_PREFIX_PATH}:/home/michal/SmartMicroWs/install/radar_bringup:/home/michal/github/ROSCon2023Demo/ros2_ws/install/otto_fleet_nav:/home/michal/github/ROSConDemo/kraken_nav/install/o3de_kraken_orchestration:/home/michal/github/ROSConDemo/kraken_nav/install/o3de_kraken_nav:/opt/ros/humble /usr/bin/cmake /home/michal/code/msas_elrob_2024/mandeye_unicorn -DCMAKE_BUILD_TYPE=Release -DCMAKE_INSTALL_PREFIX=/home/michal/code/msas_elrob_2024/mandeye_unicorn/install/mandeye_unicorn[0m
[5.510s] [34mcolcon.colcon_core.event_handler.log_command[0m [1;30mDEBUG[0m [32mInvoking command in '/home/michal/code/msas_elrob_2024/mandeye_unicorn/build/mandeye_unicorn': CMAKE_PREFIX_PATH=${CMAKE_PREFIX_PATH}:/home/michal/SmartMicroWs/install/radar_bringup:/home/michal/github/ROSCon2023Demo/ros2_ws/install/otto_fleet_nav:/home/michal/github/ROSConDemo/kraken_nav/install/o3de_kraken_orchestration:/home/michal/github/ROSConDemo/kraken_nav/install/o3de_kraken_nav:/opt/ros/humble /usr/bin/cmake --build /home/michal/code/msas_elrob_2024/mandeye_unicorn/build/mandeye_unicorn -- -j16 -l16[0m
[45.603s] [34mcolcon.colcon_core.event_handler.log_command[0m [1;30mDEBUG[0m [32mInvoked command in '/home/michal/code/msas_elrob_2024/mandeye_unicorn/build/mandeye_unicorn' returned '0': CMAKE_PREFIX_PATH=${CMAKE_PREFIX_PATH}:/home/michal/SmartMicroWs/install/radar_bringup:/home/michal/github/ROSCon2023Demo/ros2_ws/install/otto_fleet_nav:/home/michal/github/ROSConDemo/kraken_nav/install/o3de_kraken_orchestration:/home/michal/github/ROSConDemo/kraken_nav/install/o3de_kraken_nav:/opt/ros/humble /usr/bin/cmake --build /home/michal/code/msas_elrob_2024/mandeye_unicorn/build/mandeye_unicorn -- -j16 -l16[0m
[45.693s] [34mcolcon.colcon_core.event_handler.log_command[0m [1;30mDEBUG[0m [32mInvoking command in '/home/michal/code/msas_elrob_2024/mandeye_unicorn/build/mandeye_unicorn': CMAKE_PREFIX_PATH=${CMAKE_PREFIX_PATH}:/home/michal/SmartMicroWs/install/radar_bringup:/home/michal/github/ROSCon2023Demo/ros2_ws/install/otto_fleet_nav:/home/michal/github/ROSConDemo/kraken_nav/install/o3de_kraken_orchestration:/home/michal/github/ROSConDemo/kraken_nav/install/o3de_kraken_nav:/opt/ros/humble /usr/bin/cmake --install /home/michal/code/msas_elrob_2024/mandeye_unicorn/build/mandeye_unicorn[0m
[45.709s] [34mcolcon.colcon_core.environment[0m [1;30mLevel 1[0m create_environment_scripts_only(mandeye_unicorn)
[45.709s] [34mcolcon.colcon_core.event_handler.log_command[0m [1;30mDEBUG[0m [32mInvoked command in '/home/michal/code/msas_elrob_2024/mandeye_unicorn/build/mandeye_unicorn' returned '0': CMAKE_PREFIX_PATH=${CMAKE_PREFIX_PATH}:/home/michal/SmartMicroWs/install/radar_bringup:/home/michal/github/ROSCon2023Demo/ros2_ws/install/otto_fleet_nav:/home/michal/github/ROSConDemo/kraken_nav/install/o3de_kraken_orchestration:/home/michal/github/ROSConDemo/kraken_nav/install/o3de_kraken_nav:/opt/ros/humble /usr/bin/cmake --install /home/michal/code/msas_elrob_2024/mandeye_unicorn/build/mandeye_unicorn[0m
[45.733s] [34mcolcon.colcon_core.environment[0m [1;30mLevel 1[0m checking '/home/michal/code/msas_elrob_2024/mandeye_unicorn/install/mandeye_unicorn' for CMake module files
[45.734s] [34mcolcon.colcon_core.environment[0m [1;30mLevel 1[0m checking '/home/michal/code/msas_elrob_2024/mandeye_unicorn/install/mandeye_unicorn' for CMake config files
[45.734s] [34mcolcon.colcon_core.shell[0m [1;30mLevel 1[0m create_environment_hook('mandeye_unicorn', 'cmake_prefix_path')
[45.757s] [34mcolcon.colcon_core.shell[0m [1;30mINFO[0m Creating environment hook '/home/michal/code/msas_elrob_2024/mandeye_unicorn/install/mandeye_unicorn/share/mandeye_unicorn/hook/cmake_prefix_path.ps1'
[45.757s] [34mcolcon.colcon_core.shell[0m [1;30mINFO[0m Creating environment descriptor '/home/michal/code/msas_elrob_2024/mandeye_unicorn/install/mandeye_unicorn/share/mandeye_unicorn/hook/cmake_prefix_path.dsv'
[45.758s] [34mcolcon.colcon_core.shell[0m [1;30mINFO[0m Creating environment hook '/home/michal/code/msas_elrob_2024/mandeye_unicorn/install/mandeye_unicorn/share/mandeye_unicorn/hook/cmake_prefix_path.sh'
[45.758s] [34mcolcon.colcon_core.environment[0m [1;30mLevel 1[0m checking '/home/michal/code/msas_elrob_2024/mandeye_unicorn/install/mandeye_unicorn/lib'
[45.759s] [34mcolcon.colcon_core.shell[0m [1;30mLevel 1[0m create_environment_hook('mandeye_unicorn', 'ld_library_path_lib')
[45.777s] [34mcolcon.colcon_core.shell[0m [1;30mINFO[0m Creating environment hook '/home/michal/code/msas_elrob_2024/mandeye_unicorn/install/mandeye_unicorn/share/mandeye_unicorn/hook/ld_library_path_lib.ps1'
[45.778s] [34mcolcon.colcon_core.shell[0m [1;30mINFO[0m Creating environment descriptor '/home/michal/code/msas_elrob_2024/mandeye_unicorn/install/mandeye_unicorn/share/mandeye_unicorn/hook/ld_library_path_lib.dsv'
[45.778s] [34mcolcon.colcon_core.shell[0m [1;30mINFO[0m Creating environment hook '/home/michal/code/msas_elrob_2024/mandeye_unicorn/install/mandeye_unicorn/share/mandeye_unicorn/hook/ld_library_path_lib.sh'
[45.778s] [34mcolcon.colcon_core.environment[0m [1;30mLevel 1[0m checking '/home/michal/code/msas_elrob_2024/mandeye_unicorn/install/mandeye_unicorn/bin'
[45.778s] [34mcolcon.colcon_core.environment[0m [1;30mLevel 1[0m checking '/home/michal/code/msas_elrob_2024/mandeye_unicorn/install/mandeye_unicorn/lib/pkgconfig/mandeye_unicorn.pc'
[45.778s] [34mcolcon.colcon_core.environment[0m [1;30mLevel 1[0m checking '/home/michal/code/msas_elrob_2024/mandeye_unicorn/install/mandeye_unicorn/lib/python3.10/site-packages'
[45.779s] [34mcolcon.colcon_core.environment[0m [1;30mLevel 1[0m checking '/home/michal/code/msas_elrob_2024/mandeye_unicorn/install/mandeye_unicorn/bin'
[45.798s] [34mcolcon.colcon_core.shell[0m [1;30mINFO[0m Creating package script '/home/michal/code/msas_elrob_2024/mandeye_unicorn/install/mandeye_unicorn/share/mandeye_unicorn/package.ps1'
[45.799s] [34mcolcon.colcon_core.shell[0m [1;30mINFO[0m Creating package descriptor '/home/michal/code/msas_elrob_2024/mandeye_unicorn/install/mandeye_unicorn/share/mandeye_unicorn/package.dsv'
[45.799s] [34mcolcon.colcon_core.shell[0m [1;30mINFO[0m Creating package script '/home/michal/code/msas_elrob_2024/mandeye_unicorn/install/mandeye_unicorn/share/mandeye_unicorn/package.sh'
[45.800s] [34mcolcon.colcon_core.shell[0m [1;30mINFO[0m Creating package script '/home/michal/code/msas_elrob_2024/mandeye_unicorn/install/mandeye_unicorn/share/mandeye_unicorn/package.bash'
[45.800s] [34mcolcon.colcon_core.shell[0m [1;30mINFO[0m Creating package script '/home/michal/code/msas_elrob_2024/mandeye_unicorn/install/mandeye_unicorn/share/mandeye_unicorn/package.zsh'
[45.801s] [34mcolcon.colcon_core.environment[0m [1;30mLevel 1[0m create_file_with_runtime_dependencies(/home/michal/code/msas_elrob_2024/mandeye_unicorn/install/mandeye_unicorn/share/colcon-core/packages/mandeye_unicorn)
[45.892s] [34mcolcon.colcon_core.environment[0m [1;30mLevel 1[0m create_environment_scripts_only(mandeye_unicorn)
[45.915s] [34mcolcon.colcon_core.environment[0m [1;30mLevel 1[0m checking '/home/michal/code/msas_elrob_2024/mandeye_unicorn/install/mandeye_unicorn' for CMake module files
[45.915s] [34mcolcon.colcon_core.environment[0m [1;30mLevel 1[0m checking '/home/michal/code/msas_elrob_2024/mandeye_unicorn/install/mandeye_unicorn' for CMake config files
[45.915s] [34mcolcon.colcon_core.shell[0m [1;30mLevel 1[0m create_environment_hook('mandeye_unicorn', 'cmake_prefix_path')
[45.939s] [34mcolcon.colcon_core.shell[0m [1;30mINFO[0m Creating environment hook '/home/michal/code/msas_elrob_2024/mandeye_unicorn/install/mandeye_unicorn/share/mandeye_unicorn/hook/cmake_prefix_path.ps1'
[45.940s] [34mcolcon.colcon_core.shell[0m [1;30mINFO[0m Creating environment descriptor '/home/michal/code/msas_elrob_2024/mandeye_unicorn/install/mandeye_unicorn/share/mandeye_unicorn/hook/cmake_prefix_path.dsv'
[45.940s] [34mcolcon.colcon_core.shell[0m [1;30mINFO[0m Creating environment hook '/home/michal/code/msas_elrob_2024/mandeye_unicorn/install/mandeye_unicorn/share/mandeye_unicorn/hook/cmake_prefix_path.sh'
[45.941s] [34mcolcon.colcon_core.environment[0m [1;30mLevel 1[0m checking '/home/michal/code/msas_elrob_2024/mandeye_unicorn/install/mandeye_unicorn/lib'
[45.941s] [34mcolcon.colcon_core.shell[0m [1;30mLevel 1[0m create_environment_hook('mandeye_unicorn', 'ld_library_path_lib')
[45.966s] [34mcolcon.colcon_core.shell[0m [1;30mINFO[0m Creating environment hook '/home/michal/code/msas_elrob_2024/mandeye_unicorn/install/mandeye_unicorn/share/mandeye_unicorn/hook/ld_library_path_lib.ps1'
[45.966s] [34mcolcon.colcon_core.shell[0m [1;30mINFO[0m Creating environment descriptor '/home/michal/code/msas_elrob_2024/mandeye_unicorn/install/mandeye_unicorn/share/mandeye_unicorn/hook/ld_library_path_lib.dsv'
[45.967s] [34mcolcon.colcon_core.shell[0m [1;30mINFO[0m Creating environment hook '/home/michal/code/msas_elrob_2024/mandeye_unicorn/install/mandeye_unicorn/share/mandeye_unicorn/hook/ld_library_path_lib.sh'
[45.967s] [34mcolcon.colcon_core.environment[0m [1;30mLevel 1[0m checking '/home/michal/code/msas_elrob_2024/mandeye_unicorn/install/mandeye_unicorn/bin'
[45.967s] [34mcolcon.colcon_core.environment[0m [1;30mLevel 1[0m checking '/home/michal/code/msas_elrob_2024/mandeye_unicorn/install/mandeye_unicorn/lib/pkgconfig/mandeye_unicorn.pc'
[45.968s] [34mcolcon.colcon_core.environment[0m [1;30mLevel 1[0m checking '/home/michal/code/msas_elrob_2024/mandeye_unicorn/install/mandeye_unicorn/lib/python3.10/site-packages'
[45.968s] [34mcolcon.colcon_core.environment[0m [1;30mLevel 1[0m checking '/home/michal/code/msas_elrob_2024/mandeye_unicorn/install/mandeye_unicorn/bin'
[45.996s] [34mcolcon.colcon_core.shell[0m [1;30mINFO[0m Creating package script '/home/michal/code/msas_elrob_2024/mandeye_unicorn/install/mandeye_unicorn/share/mandeye_unicorn/package.ps1'
[45.996s] [34mcolcon.colcon_core.shell[0m [1;30mINFO[0m Creating package descriptor '/home/michal/code/msas_elrob_2024/mandeye_unicorn/install/mandeye_unicorn/share/mandeye_unicorn/package.dsv'
[45.997s] [34mcolcon.colcon_core.shell[0m [1;30mINFO[0m Creating package script '/home/michal/code/msas_elrob_2024/mandeye_unicorn/install/mandeye_unicorn/share/mandeye_unicorn/package.sh'
[45.998s] [34mcolcon.colcon_core.shell[0m [1;30mINFO[0m Creating package script '/home/michal/code/msas_elrob_2024/mandeye_unicorn/install/mandeye_unicorn/share/mandeye_unicorn/package.bash'
[45.999s] [34mcolcon.colcon_core.shell[0m [1;30mINFO[0m Creating package script '/home/michal/code/msas_elrob_2024/mandeye_unicorn/install/mandeye_unicorn/share/mandeye_unicorn/package.zsh'
[45.999s] [34mcolcon.colcon_core.environment[0m [1;30mLevel 1[0m create_file_with_runtime_dependencies(/home/michal/code/msas_elrob_2024/mandeye_unicorn/install/mandeye_unicorn/share/colcon-core/packages/mandeye_unicorn)
[45.999s] [34mcolcon.colcon_parallel_executor.executor.parallel[0m [1;30mDEBUG[0m [32mclosing loop[0m
[46.000s] [34mcolcon.colcon_parallel_executor.executor.parallel[0m [1;30mDEBUG[0m [32mloop closed[0m
[46.000s] [34mcolcon.colcon_parallel_executor.executor.parallel[0m [1;30mDEBUG[0m [32mrun_until_complete finished with '0'[0m
[46.000s] [34mcolcon.colcon_core.event_reactor[0m [1;30mDEBUG[0m [32mjoining thread[0m
[46.026s] [34mcolcon.colcon_core.plugin_system[0m [1;30mINFO[0m Skipping extension 'colcon_notification.desktop_notification.terminal_notifier': Not used on non-Darwin systems
[46.026s] [34mcolcon.colcon_core.plugin_system[0m [1;30mINFO[0m Skipping extension 'colcon_notification.desktop_notification.win32': Not used on non-Windows systems
[46.026s] [34mcolcon.colcon_notification.desktop_notification[0m [1;30mINFO[0m Sending desktop notification using 'notify2'
[46.039s] [34mcolcon.colcon_core.event_reactor[0m [1;30mDEBUG[0m [32mjoined thread[0m
[46.060s] [34mcolcon.colcon_core.shell[0m [1;30mINFO[0m Creating prefix script '/home/michal/code/msas_elrob_2024/mandeye_unicorn/install/local_setup.ps1'
[46.061s] [34mcolcon.colcon_core.shell[0m [1;30mINFO[0m Creating prefix util module '/home/michal/code/msas_elrob_2024/mandeye_unicorn/install/_local_setup_util_ps1.py'
[46.062s] [34mcolcon.colcon_core.shell[0m [1;30mINFO[0m Creating prefix chain script '/home/michal/code/msas_elrob_2024/mandeye_unicorn/install/setup.ps1'
[46.091s] [34mcolcon.colcon_core.shell[0m [1;30mINFO[0m Creating prefix script '/home/michal/code/msas_elrob_2024/mandeye_unicorn/install/local_setup.sh'
[46.091s] [34mcolcon.colcon_core.shell[0m [1;30mINFO[0m Creating prefix util module '/home/michal/code/msas_elrob_2024/mandeye_unicorn/install/_local_setup_util_sh.py'
[46.092s] [34mcolcon.colcon_core.shell[0m [1;30mINFO[0m Creating prefix chain script '/home/michal/code/msas_elrob_2024/mandeye_unicorn/install/setup.sh'
[46.120s] [34mcolcon.colcon_core.shell[0m [1;30mINFO[0m Creating prefix script '/home/michal/code/msas_elrob_2024/mandeye_unicorn/install/local_setup.bash'
[46.121s] [34mcolcon.colcon_core.shell[0m [1;30mINFO[0m Creating prefix chain script '/home/michal/code/msas_elrob_2024/mandeye_unicorn/install/setup.bash'
[46.149s] [34mcolcon.colcon_core.shell[0m [1;30mINFO[0m Creating prefix script '/home/michal/code/msas_elrob_2024/mandeye_unicorn/install/local_setup.zsh'
[46.149s] [34mcolcon.colcon_core.shell[0m [1;30mINFO[0m Creating prefix chain script '/home/michal/code/msas_elrob_2024/mandeye_unicorn/install/setup.zsh'
