[2.233s] [34mcolcon[0m [1;30mDEBUG[0m [32mCommand line arguments: ['/usr/bin/colcon', 'build'][0m
[2.233s] [34mcolcon[0m [1;30mDEBUG[0m [32mParsed command line arguments: Namespace(log_base=None, log_level=None, verb_name='build', build_base='build', install_base='install', merge_install=False, symlink_install=False, test_result_base=None, continue_on_error=False, executor='parallel', parallel_workers=16, event_handlers=None, ignore_user_meta=False, metas=['./colcon.meta'], base_paths=['.'], packages_ignore=None, packages_ignore_regex=None, paths=None, packages_up_to=None, packages_up_to_regex=None, packages_above=None, packages_above_and_dependencies=None, packages_above_depth=None, packages_select_by_dep=None, packages_skip_by_dep=None, packages_skip_up_to=None, packages_select_build_failed=False, packages_skip_build_finished=False, packages_select_test_failures=False, packages_skip_test_passed=False, packages_select=None, packages_skip=None, packages_select_regex=None, packages_skip_regex=None, packages_start=None, packages_end=None, allow_overriding=[], cmake_args=None, cmake_target=None, cmake_target_skip_unavailable=False, cmake_clean_cache=False, cmake_clean_first=False, cmake_force_configure=False, ament_cmake_args=None, catkin_cmake_args=None, catkin_skip_building_tests=False, mixin_files=None, mixin=None, verb_parser=<colcon_mixin.mixin.mixin_argument.MixinArgumentDecorator object at 0x72c84b4c9870>, verb_extension=<colcon_core.verb.build.BuildVerb object at 0x72c84b4cbe50>, main=<bound method BuildVerb.main of <colcon_core.verb.build.BuildVerb object at 0x72c84b4cbe50>>, mixin_verb=('build',))[0m
[2.331s] [34mcolcon.colcon_core.package_discovery[0m [1;30mLevel 1[0m discover_packages(colcon_meta) check parameters
[2.331s] [34mcolcon.colcon_core.package_discovery[0m [1;30mLevel 1[0m discover_packages(recursive) check parameters
[2.331s] [34mcolcon.colcon_core.package_discovery[0m [1;30mLevel 1[0m discover_packages(ignore) check parameters
[2.331s] [34mcolcon.colcon_core.package_discovery[0m [1;30mLevel 1[0m discover_packages(path) check parameters
[2.331s] [34mcolcon.colcon_core.package_discovery[0m [1;30mLevel 1[0m discover_packages(colcon_meta) discover
[2.331s] [34mcolcon.colcon_core.package_discovery[0m [1;30mLevel 1[0m discover_packages(recursive) discover
[2.331s] [34mcolcon.colcon_core.package_discovery[0m [1;30mINFO[0m Crawling recursively for packages in '/home/michal/code/msas_elrob_2024/mandeye_unicorn'
[2.331s] [34mcolcon.colcon_core.package_identification[0m [1;30mLevel 1[0m _identify(.) by extensions ['ignore', 'ignore_ament_install']
[2.331s] [34mcolcon.colcon_core.package_identification[0m [1;30mLevel 1[0m _identify(.) by extension 'ignore'
[2.331s] [34mcolcon.colcon_core.package_identification[0m [1;30mLevel 1[0m _identify(.) by extension 'ignore_ament_install'
[2.331s] [34mcolcon.colcon_core.package_identification[0m [1;30mLevel 1[0m _identify(.) by extensions ['colcon_pkg']
[2.332s] [34mcolcon.colcon_core.package_identification[0m [1;30mLevel 1[0m _identify(.) by extension 'colcon_pkg'
[2.332s] [34mcolcon.colcon_core.package_identification[0m [1;30mLevel 1[0m _identify(.) by extensions ['colcon_meta']
[2.332s] [34mcolcon.colcon_core.package_identification[0m [1;30mLevel 1[0m _identify(.) by extension 'colcon_meta'
[2.332s] [34mcolcon.colcon_core.package_identification[0m [1;30mLevel 1[0m _identify(.) by extensions ['ros']
[2.332s] [34mcolcon.colcon_core.package_identification[0m [1;30mLevel 1[0m _identify(.) by extension 'ros'
[2.351s] [34mcolcon.colcon_core.package_identification[0m [1;30mDEBUG[0m [32mPackage '.' with type 'ros.ament_cmake' and name 'mandeye_unicorn'[0m
[2.351s] [34mcolcon.colcon_core.package_discovery[0m [1;30mLevel 1[0m discover_packages(recursive) using defaults
[2.351s] [34mcolcon.colcon_core.package_discovery[0m [1;30mLevel 1[0m discover_packages(ignore) discover
[2.351s] [34mcolcon.colcon_core.package_discovery[0m [1;30mLevel 1[0m discover_packages(ignore) using defaults
[2.351s] [34mcolcon.colcon_core.package_discovery[0m [1;30mLevel 1[0m discover_packages(path) discover
[2.351s] [34mcolcon.colcon_core.package_discovery[0m [1;30mLevel 1[0m discover_packages(path) using defaults
[2.491s] [34mcolcon.colcon_core.package_discovery[0m [1;30mLevel 1[0m discover_packages(prefix_path) check parameters
[2.492s] [34mcolcon.colcon_core.package_discovery[0m [1;30mLevel 1[0m discover_packages(prefix_path) discover
[2.542s] [34mcolcon.colcon_installed_package_information.package_discovery[0m [1;30mDEBUG[0m [32mFound 1 installed packages in /home/michal/code/msas_elrob_2024/mandeye_unicorn/install[0m
[2.566s] [34mcolcon.colcon_installed_package_information.package_discovery[0m [1;30mDEBUG[0m [32mFound 4 installed packages in /home/michal/SmartMicroWs/install[0m
[2.589s] [34mcolcon.colcon_installed_package_information.package_discovery[0m [1;30mDEBUG[0m [32mFound 1 installed packages in /home/michal/radar_ws/install[0m
[2.615s] [34mcolcon.colcon_installed_package_information.package_discovery[0m [1;30mDEBUG[0m [32mFound 17 installed packages in /home/michal/github/ROSCon2023Demo/ros2_ws/install[0m
[2.641s] [34mcolcon.colcon_installed_package_information.package_discovery[0m [1;30mDEBUG[0m [32mFound 5 installed packages in /home/michal/colcon_ws/install[0m
[2.667s] [34mcolcon.colcon_installed_package_information.package_discovery[0m [1;30mDEBUG[0m [32mFound 2 installed packages in /home/michal/github/ROSConDemo/kraken_nav/install[0m
[2.691s] [34mcolcon.colcon_installed_package_information.package_discovery[0m [1;30mDEBUG[0m [32mFound 8 installed packages in /home/michal/ws_moveit2/install[0m
[2.720s] [34mcolcon.colcon_installed_package_information.package_discovery[0m [1;30mDEBUG[0m [32mFound 504 installed packages in /opt/ros/humble[0m
[2.722s] [34mcolcon.colcon_core.package_discovery[0m [1;30mLevel 1[0m discover_packages(prefix_path) using defaults
[2.881s] [34mcolcon.colcon_core.verb[0m [1;30mLevel 5[0m set package 'mandeye_unicorn' build argument 'cmake_args' from command line to 'None'
[2.881s] [34mcolcon.colcon_core.verb[0m [1;30mLevel 5[0m set package 'mandeye_unicorn' build argument 'cmake_target' from command line to 'None'
[2.881s] [34mcolcon.colcon_core.verb[0m [1;30mLevel 5[0m set package 'mandeye_unicorn' build argument 'cmake_target_skip_unavailable' from command line to 'False'
[2.881s] [34mcolcon.colcon_core.verb[0m [1;30mLevel 5[0m set package 'mandeye_unicorn' build argument 'cmake_clean_cache' from command line to 'False'
[2.881s] [34mcolcon.colcon_core.verb[0m [1;30mLevel 5[0m set package 'mandeye_unicorn' build argument 'cmake_clean_first' from command line to 'False'
[2.881s] [34mcolcon.colcon_core.verb[0m [1;30mLevel 5[0m set package 'mandeye_unicorn' build argument 'cmake_force_configure' from command line to 'False'
[2.881s] [34mcolcon.colcon_core.verb[0m [1;30mLevel 5[0m set package 'mandeye_unicorn' build argument 'ament_cmake_args' from command line to 'None'
[2.881s] [34mcolcon.colcon_core.verb[0m [1;30mLevel 5[0m set package 'mandeye_unicorn' build argument 'catkin_cmake_args' from command line to 'None'
[2.881s] [34mcolcon.colcon_core.verb[0m [1;30mLevel 5[0m set package 'mandeye_unicorn' build argument 'catkin_skip_building_tests' from command line to 'False'
[2.881s] [34mcolcon.colcon_core.verb[0m [1;30mDEBUG[0m [32mBuilding package 'mandeye_unicorn' with the following arguments: {'ament_cmake_args': None, 'build_base': '/home/michal/code/msas_elrob_2024/mandeye_unicorn/build/mandeye_unicorn', 'catkin_cmake_args': None, 'catkin_skip_building_tests': False, 'cmake_args': None, 'cmake_clean_cache': False, 'cmake_clean_first': False, 'cmake_force_configure': False, 'cmake_target': None, 'cmake_target_skip_unavailable': False, 'install_base': '/home/michal/code/msas_elrob_2024/mandeye_unicorn/install/mandeye_unicorn', 'merge_install': False, 'path': '/home/michal/code/msas_elrob_2024/mandeye_unicorn', 'symlink_install': False, 'test_result_base': None}[0m
[2.908s] [34mcolcon.colcon_core.executor[0m [1;30mINFO[0m Executing jobs using 'parallel' executor
[2.933s] [34mcolcon.colcon_parallel_executor.executor.parallel[0m [1;30mDEBUG[0m [32mrun_until_complete[0m
[2.933s] [34mcolcon.colcon_ros.task.ament_cmake.build[0m [1;30mINFO[0m Building ROS package in '/home/michal/code/msas_elrob_2024/mandeye_unicorn' with build type 'ament_cmake'
[2.933s] [34mcolcon.colcon_cmake.task.cmake.build[0m [1;30mINFO[0m Building CMake package in '/home/michal/code/msas_elrob_2024/mandeye_unicorn'
[2.958s] [34mcolcon.colcon_core.plugin_system[0m [1;30mINFO[0m Skipping extension 'colcon_core.shell.bat': Not used on non-Windows systems
[2.958s] [34mcolcon.colcon_core.shell[0m [1;30mINFO[0m Skip shell extension 'powershell' for command environment: Not usable outside of PowerShell
[2.958s] [34mcolcon.colcon_core.shell[0m [1;30mDEBUG[0m [32mSkip shell extension 'dsv' for command environment[0m
[3.193s] [34mcolcon.colcon_core.event_handler.log_command[0m [1;30mDEBUG[0m [32mInvoking command in '/home/michal/code/msas_elrob_2024/mandeye_unicorn/build/mandeye_unicorn': CMAKE_PREFIX_PATH=${CMAKE_PREFIX_PATH}:/home/michal/SmartMicroWs/install/radar_bringup:/home/michal/github/ROSCon2023Demo/ros2_ws/install/otto_fleet_nav:/home/michal/github/ROSConDemo/kraken_nav/install/o3de_kraken_orchestration:/home/michal/github/ROSConDemo/kraken_nav/install/o3de_kraken_nav:/opt/ros/humble /usr/bin/cmake --build /home/michal/code/msas_elrob_2024/mandeye_unicorn/build/mandeye_unicorn -- -j16 -l16[0m
[44.973s] [34mcolcon.colcon_core.event_handler.log_command[0m [1;30mDEBUG[0m [32mInvoked command in '/home/michal/code/msas_elrob_2024/mandeye_unicorn/build/mandeye_unicorn' returned '0': CMAKE_PREFIX_PATH=${CMAKE_PREFIX_PATH}:/home/michal/SmartMicroWs/install/radar_bringup:/home/michal/github/ROSCon2023Demo/ros2_ws/install/otto_fleet_nav:/home/michal/github/ROSConDemo/kraken_nav/install/o3de_kraken_orchestration:/home/michal/github/ROSConDemo/kraken_nav/install/o3de_kraken_nav:/opt/ros/humble /usr/bin/cmake --build /home/michal/code/msas_elrob_2024/mandeye_unicorn/build/mandeye_unicorn -- -j16 -l16[0m
[45.078s] [34mcolcon.colcon_core.event_handler.log_command[0m [1;30mDEBUG[0m [32mInvoking command in '/home/michal/code/msas_elrob_2024/mandeye_unicorn/build/mandeye_unicorn': CMAKE_PREFIX_PATH=${CMAKE_PREFIX_PATH}:/home/michal/SmartMicroWs/install/radar_bringup:/home/michal/github/ROSCon2023Demo/ros2_ws/install/otto_fleet_nav:/home/michal/github/ROSConDemo/kraken_nav/install/o3de_kraken_orchestration:/home/michal/github/ROSConDemo/kraken_nav/install/o3de_kraken_nav:/opt/ros/humble /usr/bin/cmake --install /home/michal/code/msas_elrob_2024/mandeye_unicorn/build/mandeye_unicorn[0m
[45.101s] [34mcolcon.colcon_core.environment[0m [1;30mLevel 1[0m create_environment_scripts_only(mandeye_unicorn)
[45.101s] [34mcolcon.colcon_core.event_handler.log_command[0m [1;30mDEBUG[0m [32mInvoked command in '/home/michal/code/msas_elrob_2024/mandeye_unicorn/build/mandeye_unicorn' returned '0': CMAKE_PREFIX_PATH=${CMAKE_PREFIX_PATH}:/home/michal/SmartMicroWs/install/radar_bringup:/home/michal/github/ROSCon2023Demo/ros2_ws/install/otto_fleet_nav:/home/michal/github/ROSConDemo/kraken_nav/install/o3de_kraken_orchestration:/home/michal/github/ROSConDemo/kraken_nav/install/o3de_kraken_nav:/opt/ros/humble /usr/bin/cmake --install /home/michal/code/msas_elrob_2024/mandeye_unicorn/build/mandeye_unicorn[0m
[45.125s] [34mcolcon.colcon_core.environment[0m [1;30mLevel 1[0m checking '/home/michal/code/msas_elrob_2024/mandeye_unicorn/install/mandeye_unicorn' for CMake module files
[45.126s] [34mcolcon.colcon_core.environment[0m [1;30mLevel 1[0m checking '/home/michal/code/msas_elrob_2024/mandeye_unicorn/install/mandeye_unicorn' for CMake config files
[45.126s] [34mcolcon.colcon_core.shell[0m [1;30mLevel 1[0m create_environment_hook('mandeye_unicorn', 'cmake_prefix_path')
[45.146s] [34mcolcon.colcon_core.shell[0m [1;30mINFO[0m Creating environment hook '/home/michal/code/msas_elrob_2024/mandeye_unicorn/install/mandeye_unicorn/share/mandeye_unicorn/hook/cmake_prefix_path.ps1'
[45.147s] [34mcolcon.colcon_core.shell[0m [1;30mINFO[0m Creating environment descriptor '/home/michal/code/msas_elrob_2024/mandeye_unicorn/install/mandeye_unicorn/share/mandeye_unicorn/hook/cmake_prefix_path.dsv'
[45.147s] [34mcolcon.colcon_core.shell[0m [1;30mINFO[0m Creating environment hook '/home/michal/code/msas_elrob_2024/mandeye_unicorn/install/mandeye_unicorn/share/mandeye_unicorn/hook/cmake_prefix_path.sh'
[45.148s] [34mcolcon.colcon_core.environment[0m [1;30mLevel 1[0m checking '/home/michal/code/msas_elrob_2024/mandeye_unicorn/install/mandeye_unicorn/lib'
[45.148s] [34mcolcon.colcon_core.shell[0m [1;30mLevel 1[0m create_environment_hook('mandeye_unicorn', 'ld_library_path_lib')
[45.169s] [34mcolcon.colcon_core.shell[0m [1;30mINFO[0m Creating environment hook '/home/michal/code/msas_elrob_2024/mandeye_unicorn/install/mandeye_unicorn/share/mandeye_unicorn/hook/ld_library_path_lib.ps1'
[45.169s] [34mcolcon.colcon_core.shell[0m [1;30mINFO[0m Creating environment descriptor '/home/michal/code/msas_elrob_2024/mandeye_unicorn/install/mandeye_unicorn/share/mandeye_unicorn/hook/ld_library_path_lib.dsv'
[45.169s] [34mcolcon.colcon_core.shell[0m [1;30mINFO[0m Creating environment hook '/home/michal/code/msas_elrob_2024/mandeye_unicorn/install/mandeye_unicorn/share/mandeye_unicorn/hook/ld_library_path_lib.sh'
[45.170s] [34mcolcon.colcon_core.environment[0m [1;30mLevel 1[0m checking '/home/michal/code/msas_elrob_2024/mandeye_unicorn/install/mandeye_unicorn/bin'
[45.170s] [34mcolcon.colcon_core.environment[0m [1;30mLevel 1[0m checking '/home/michal/code/msas_elrob_2024/mandeye_unicorn/install/mandeye_unicorn/lib/pkgconfig/mandeye_unicorn.pc'
[45.170s] [34mcolcon.colcon_core.environment[0m [1;30mLevel 1[0m checking '/home/michal/code/msas_elrob_2024/mandeye_unicorn/install/mandeye_unicorn/lib/python3.10/site-packages'
[45.170s] [34mcolcon.colcon_core.environment[0m [1;30mLevel 1[0m checking '/home/michal/code/msas_elrob_2024/mandeye_unicorn/install/mandeye_unicorn/bin'
[45.192s] [34mcolcon.colcon_core.shell[0m [1;30mINFO[0m Creating package script '/home/michal/code/msas_elrob_2024/mandeye_unicorn/install/mandeye_unicorn/share/mandeye_unicorn/package.ps1'
[45.192s] [34mcolcon.colcon_core.shell[0m [1;30mINFO[0m Creating package descriptor '/home/michal/code/msas_elrob_2024/mandeye_unicorn/install/mandeye_unicorn/share/mandeye_unicorn/package.dsv'
[45.193s] [34mcolcon.colcon_core.shell[0m [1;30mINFO[0m Creating package script '/home/michal/code/msas_elrob_2024/mandeye_unicorn/install/mandeye_unicorn/share/mandeye_unicorn/package.sh'
[45.194s] [34mcolcon.colcon_core.shell[0m [1;30mINFO[0m Creating package script '/home/michal/code/msas_elrob_2024/mandeye_unicorn/install/mandeye_unicorn/share/mandeye_unicorn/package.bash'
[45.194s] [34mcolcon.colcon_core.shell[0m [1;30mINFO[0m Creating package script '/home/michal/code/msas_elrob_2024/mandeye_unicorn/install/mandeye_unicorn/share/mandeye_unicorn/package.zsh'
[45.195s] [34mcolcon.colcon_core.environment[0m [1;30mLevel 1[0m create_file_with_runtime_dependencies(/home/michal/code/msas_elrob_2024/mandeye_unicorn/install/mandeye_unicorn/share/colcon-core/packages/mandeye_unicorn)
[45.312s] [34mcolcon.colcon_core.environment[0m [1;30mLevel 1[0m create_environment_scripts_only(mandeye_unicorn)
[45.335s] [34mcolcon.colcon_core.environment[0m [1;30mLevel 1[0m checking '/home/michal/code/msas_elrob_2024/mandeye_unicorn/install/mandeye_unicorn' for CMake module files
[45.336s] [34mcolcon.colcon_core.environment[0m [1;30mLevel 1[0m checking '/home/michal/code/msas_elrob_2024/mandeye_unicorn/install/mandeye_unicorn' for CMake config files
[45.336s] [34mcolcon.colcon_core.shell[0m [1;30mLevel 1[0m create_environment_hook('mandeye_unicorn', 'cmake_prefix_path')
[45.359s] [34mcolcon.colcon_core.shell[0m [1;30mINFO[0m Creating environment hook '/home/michal/code/msas_elrob_2024/mandeye_unicorn/install/mandeye_unicorn/share/mandeye_unicorn/hook/cmake_prefix_path.ps1'
[45.360s] [34mcolcon.colcon_core.shell[0m [1;30mINFO[0m Creating environment descriptor '/home/michal/code/msas_elrob_2024/mandeye_unicorn/install/mandeye_unicorn/share/mandeye_unicorn/hook/cmake_prefix_path.dsv'
[45.360s] [34mcolcon.colcon_core.shell[0m [1;30mINFO[0m Creating environment hook '/home/michal/code/msas_elrob_2024/mandeye_unicorn/install/mandeye_unicorn/share/mandeye_unicorn/hook/cmake_prefix_path.sh'
[45.361s] [34mcolcon.colcon_core.environment[0m [1;30mLevel 1[0m checking '/home/michal/code/msas_elrob_2024/mandeye_unicorn/install/mandeye_unicorn/lib'
[45.361s] [34mcolcon.colcon_core.shell[0m [1;30mLevel 1[0m create_environment_hook('mandeye_unicorn', 'ld_library_path_lib')
[45.385s] [34mcolcon.colcon_core.shell[0m [1;30mINFO[0m Creating environment hook '/home/michal/code/msas_elrob_2024/mandeye_unicorn/install/mandeye_unicorn/share/mandeye_unicorn/hook/ld_library_path_lib.ps1'
[45.386s] [34mcolcon.colcon_core.shell[0m [1;30mINFO[0m Creating environment descriptor '/home/michal/code/msas_elrob_2024/mandeye_unicorn/install/mandeye_unicorn/share/mandeye_unicorn/hook/ld_library_path_lib.dsv'
[45.386s] [34mcolcon.colcon_core.shell[0m [1;30mINFO[0m Creating environment hook '/home/michal/code/msas_elrob_2024/mandeye_unicorn/install/mandeye_unicorn/share/mandeye_unicorn/hook/ld_library_path_lib.sh'
[45.386s] [34mcolcon.colcon_core.environment[0m [1;30mLevel 1[0m checking '/home/michal/code/msas_elrob_2024/mandeye_unicorn/install/mandeye_unicorn/bin'
[45.387s] [34mcolcon.colcon_core.environment[0m [1;30mLevel 1[0m checking '/home/michal/code/msas_elrob_2024/mandeye_unicorn/install/mandeye_unicorn/lib/pkgconfig/mandeye_unicorn.pc'
[45.387s] [34mcolcon.colcon_core.environment[0m [1;30mLevel 1[0m checking '/home/michal/code/msas_elrob_2024/mandeye_unicorn/install/mandeye_unicorn/lib/python3.10/site-packages'
[45.387s] [34mcolcon.colcon_core.environment[0m [1;30mLevel 1[0m checking '/home/michal/code/msas_elrob_2024/mandeye_unicorn/install/mandeye_unicorn/bin'
[45.411s] [34mcolcon.colcon_core.shell[0m [1;30mINFO[0m Creating package script '/home/michal/code/msas_elrob_2024/mandeye_unicorn/install/mandeye_unicorn/share/mandeye_unicorn/package.ps1'
[45.411s] [34mcolcon.colcon_core.shell[0m [1;30mINFO[0m Creating package descriptor '/home/michal/code/msas_elrob_2024/mandeye_unicorn/install/mandeye_unicorn/share/mandeye_unicorn/package.dsv'
[45.412s] [34mcolcon.colcon_core.shell[0m [1;30mINFO[0m Creating package script '/home/michal/code/msas_elrob_2024/mandeye_unicorn/install/mandeye_unicorn/share/mandeye_unicorn/package.sh'
[45.412s] [34mcolcon.colcon_core.shell[0m [1;30mINFO[0m Creating package script '/home/michal/code/msas_elrob_2024/mandeye_unicorn/install/mandeye_unicorn/share/mandeye_unicorn/package.bash'
[45.412s] [34mcolcon.colcon_core.shell[0m [1;30mINFO[0m Creating package script '/home/michal/code/msas_elrob_2024/mandeye_unicorn/install/mandeye_unicorn/share/mandeye_unicorn/package.zsh'
[45.413s] [34mcolcon.colcon_core.environment[0m [1;30mLevel 1[0m create_file_with_runtime_dependencies(/home/michal/code/msas_elrob_2024/mandeye_unicorn/install/mandeye_unicorn/share/colcon-core/packages/mandeye_unicorn)
[45.413s] [34mcolcon.colcon_parallel_executor.executor.parallel[0m [1;30mDEBUG[0m [32mclosing loop[0m
[45.413s] [34mcolcon.colcon_parallel_executor.executor.parallel[0m [1;30mDEBUG[0m [32mloop closed[0m
[45.414s] [34mcolcon.colcon_parallel_executor.executor.parallel[0m [1;30mDEBUG[0m [32mrun_until_complete finished with '0'[0m
[45.414s] [34mcolcon.colcon_core.event_reactor[0m [1;30mDEBUG[0m [32mjoining thread[0m
[45.455s] [34mcolcon.colcon_core.plugin_system[0m [1;30mINFO[0m Skipping extension 'colcon_notification.desktop_notification.terminal_notifier': Not used on non-Darwin systems
[45.455s] [34mcolcon.colcon_core.plugin_system[0m [1;30mINFO[0m Skipping extension 'colcon_notification.desktop_notification.win32': Not used on non-Windows systems
[45.455s] [34mcolcon.colcon_notification.desktop_notification[0m [1;30mINFO[0m Sending desktop notification using 'notify2'
[45.467s] [34mcolcon.colcon_core.event_reactor[0m [1;30mDEBUG[0m [32mjoined thread[0m
[45.490s] [34mcolcon.colcon_core.shell[0m [1;30mINFO[0m Creating prefix script '/home/michal/code/msas_elrob_2024/mandeye_unicorn/install/local_setup.ps1'
[45.490s] [34mcolcon.colcon_core.shell[0m [1;30mINFO[0m Creating prefix util module '/home/michal/code/msas_elrob_2024/mandeye_unicorn/install/_local_setup_util_ps1.py'
[45.492s] [34mcolcon.colcon_core.shell[0m [1;30mINFO[0m Creating prefix chain script '/home/michal/code/msas_elrob_2024/mandeye_unicorn/install/setup.ps1'
[45.523s] [34mcolcon.colcon_core.shell[0m [1;30mINFO[0m Creating prefix script '/home/michal/code/msas_elrob_2024/mandeye_unicorn/install/local_setup.sh'
[45.523s] [34mcolcon.colcon_core.shell[0m [1;30mINFO[0m Creating prefix util module '/home/michal/code/msas_elrob_2024/mandeye_unicorn/install/_local_setup_util_sh.py'
[45.524s] [34mcolcon.colcon_core.shell[0m [1;30mINFO[0m Creating prefix chain script '/home/michal/code/msas_elrob_2024/mandeye_unicorn/install/setup.sh'
[45.549s] [34mcolcon.colcon_core.shell[0m [1;30mINFO[0m Creating prefix script '/home/michal/code/msas_elrob_2024/mandeye_unicorn/install/local_setup.bash'
[45.550s] [34mcolcon.colcon_core.shell[0m [1;30mINFO[0m Creating prefix chain script '/home/michal/code/msas_elrob_2024/mandeye_unicorn/install/setup.bash'
[45.577s] [34mcolcon.colcon_core.shell[0m [1;30mINFO[0m Creating prefix script '/home/michal/code/msas_elrob_2024/mandeye_unicorn/install/local_setup.zsh'
[45.577s] [34mcolcon.colcon_core.shell[0m [1;30mINFO[0m Creating prefix chain script '/home/michal/code/msas_elrob_2024/mandeye_unicorn/install/setup.zsh'
