-- Found ament_cmake: 1.3.6 (/opt/ros/humble/share/ament_cmake/cmake)
-- Found rclcpp: 16.0.7 (/opt/ros/humble/share/rclcpp/cmake)
-- Found rosidl_generator_c: 3.1.5 (/opt/ros/humble/share/rosidl_generator_c/cmake)
-- Found rosidl_adapter: 3.1.5 (/opt/ros/humble/share/rosidl_adapter/cmake)
-- Found rosidl_generator_cpp: 3.1.5 (/opt/ros/humble/share/rosidl_generator_cpp/cmake)
-- Using all available rosidl_typesupport_c: rosidl_typesupport_fastrtps_c;rosidl_typesupport_introspection_c
-- Using all available rosidl_typesupport_cpp: rosidl_typesupport_fastrtps_cpp;rosidl_typesupport_introspection_cpp
-- Found rmw_implementation_cmake: 6.1.1 (/opt/ros/humble/share/rmw_implementation_cmake/cmake)
-- Found rmw_cyclonedds_cpp: 1.3.4 (/opt/ros/humble/share/rmw_cyclonedds_cpp/cmake)
-- Using RMW implementation 'rmw_cyclonedds_cpp' as default
-- Found nav_msgs: 4.2.3 (/opt/ros/humble/share/nav_msgs/cmake)
-- Found visualization_msgs: 4.2.3 (/opt/ros/humble/share/visualization_msgs/cmake)
-- Found pcl_ros: 2.4.0 (/opt/ros/humble/share/pcl_ros/cmake)
-- Found eigen3_cmake_module: 0.1.1 (/opt/ros/humble/share/eigen3_cmake_module/cmake)
-- Ensuring Eigen3 include directory is part of orocos-kdl CMake target
-- Eigen found (include: /usr/include/eigen3, version: 3.4.0)
-- FLANN found (include: /usr/include, lib: /usr/lib/x86_64-linux-gnu/libflann_cpp.so)
-- OpenNI found (version: 1.5.4.0, include: /usr/include/ni, lib: /usr/lib/libOpenNI.so;libusb::libusb)
-- OpenNI2 found (version: 2.2.0.33, include: /usr/include/openni2, lib: /usr/lib/x86_64-linux-gnu/libOpenNI2.so;libusb::libusb)
-- Eigen found (include: /usr/include/eigen3, version: 3.4.0)
-- OpenNI found (version: 1.5.4.0, include: /usr/include/ni, lib: /usr/lib/libOpenNI.so;libusb::libusb)
-- OpenNI2 found (version: 2.2.0.33, include: /usr/include/openni2, lib: /usr/lib/x86_64-linux-gnu/libOpenNI2.so;libusb::libusb)
-- Found Qhull version 8.0.2
-- OpenNI found (version: 1.5.4.0, include: /usr/include/ni, lib: /usr/lib/libOpenNI.so;libusb::libusb)
-- Checking for module 'glut'
--   No package 'glut' found
-- Configuring done
-- Generating done
-- Build files have been written to: /home/michal/code/msas_elrob_2024/mandeye_unicorn/build/mandeye_unicorn
[35m[1mConsolidate compiler generated dependencies of target laszip_api[0m
[35m[1mConsolidate compiler generated dependencies of target laszip[0m
[  4%] Built target laszip_api
[ 46%] Built target laszip
[35m[1mConsolidate compiler generated dependencies of target mandeye_unicorn[0m
[35m[1mConsolidate compiler generated dependencies of target base_station_unicorn[0m
[ 48%] [32mBuilding CXX object CMakeFiles/mandeye_unicorn.dir/src/mandeye_unicorn.cpp.o[0m
[ 75%] Built target base_station_unicorn
[ 77%] [32m[1mLinking CXX executable mandeye_unicorn[0m
[100%] Built target mandeye_unicorn
-- Install configuration: "Release"
-- Installing: /home/michal/code/msas_elrob_2024/mandeye_unicorn/install/mandeye_unicorn/lib/mandeye_unicorn/mandeye_unicorn
-- Set runtime path of "/home/michal/code/msas_elrob_2024/mandeye_unicorn/install/mandeye_unicorn/lib/mandeye_unicorn/mandeye_unicorn" to ""
-- Up-to-date: /home/michal/code/msas_elrob_2024/mandeye_unicorn/install/mandeye_unicorn/lib/mandeye_unicorn/base_station_unicorn
-- Up-to-date: /home/michal/code/msas_elrob_2024/mandeye_unicorn/install/mandeye_unicorn/share/ament_index/resource_index/package_run_dependencies/mandeye_unicorn
-- Up-to-date: /home/michal/code/msas_elrob_2024/mandeye_unicorn/install/mandeye_unicorn/share/ament_index/resource_index/parent_prefix_path/mandeye_unicorn
-- Up-to-date: /home/michal/code/msas_elrob_2024/mandeye_unicorn/install/mandeye_unicorn/share/mandeye_unicorn/environment/ament_prefix_path.sh
-- Installing: /home/michal/code/msas_elrob_2024/mandeye_unicorn/install/mandeye_unicorn/share/mandeye_unicorn/environment/ament_prefix_path.dsv
-- Up-to-date: /home/michal/code/msas_elrob_2024/mandeye_unicorn/install/mandeye_unicorn/share/mandeye_unicorn/environment/path.sh
-- Installing: /home/michal/code/msas_elrob_2024/mandeye_unicorn/install/mandeye_unicorn/share/mandeye_unicorn/environment/path.dsv
-- Up-to-date: /home/michal/code/msas_elrob_2024/mandeye_unicorn/install/mandeye_unicorn/share/mandeye_unicorn/local_setup.bash
-- Up-to-date: /home/michal/code/msas_elrob_2024/mandeye_unicorn/install/mandeye_unicorn/share/mandeye_unicorn/local_setup.sh
-- Up-to-date: /home/michal/code/msas_elrob_2024/mandeye_unicorn/install/mandeye_unicorn/share/mandeye_unicorn/local_setup.zsh
-- Installing: /home/michal/code/msas_elrob_2024/mandeye_unicorn/install/mandeye_unicorn/share/mandeye_unicorn/local_setup.dsv
-- Installing: /home/michal/code/msas_elrob_2024/mandeye_unicorn/install/mandeye_unicorn/share/mandeye_unicorn/package.dsv
-- Up-to-date: /home/michal/code/msas_elrob_2024/mandeye_unicorn/install/mandeye_unicorn/share/ament_index/resource_index/packages/mandeye_unicorn
-- Up-to-date: /home/michal/code/msas_elrob_2024/mandeye_unicorn/install/mandeye_unicorn/share/mandeye_unicorn/cmake/mandeye_unicornConfig.cmake
-- Up-to-date: /home/michal/code/msas_elrob_2024/mandeye_unicorn/install/mandeye_unicorn/share/mandeye_unicorn/cmake/mandeye_unicornConfig-version.cmake
-- Up-to-date: /home/michal/code/msas_elrob_2024/mandeye_unicorn/install/mandeye_unicorn/share/mandeye_unicorn/package.xml
-- Up-to-date: /home/michal/code/msas_elrob_2024/mandeye_unicorn/install/mandeye_unicorn/lib/liblaszip.so.8.0.6
-- Up-to-date: /home/michal/code/msas_elrob_2024/mandeye_unicorn/install/mandeye_unicorn/lib/liblaszip.so.8
-- Up-to-date: /home/michal/code/msas_elrob_2024/mandeye_unicorn/install/mandeye_unicorn/lib/liblaszip.so
-- Up-to-date: /home/michal/code/msas_elrob_2024/mandeye_unicorn/install/mandeye_unicorn/lib/liblaszip_api.so.8.0.6
-- Up-to-date: /home/michal/code/msas_elrob_2024/mandeye_unicorn/install/mandeye_unicorn/lib/liblaszip_api.so.8
-- Up-to-date: /home/michal/code/msas_elrob_2024/mandeye_unicorn/install/mandeye_unicorn/lib/liblaszip_api.so
-- Up-to-date: /home/michal/code/msas_elrob_2024/mandeye_unicorn/install/mandeye_unicorn/include/laszip/laszip_api.h
-- Up-to-date: /home/michal/code/msas_elrob_2024/mandeye_unicorn/install/mandeye_unicorn/include/laszip/laszip_api_version.h
